#
# There is insufficient memory for the Java Runtime Environment to continue.
# Native memory allocation (mmap) failed to map 65536 bytes. Error detail: Failed to commit metaspace.
# Possible reasons:
#   The system is out of physical RAM or swap space
#   This process is running with CompressedOops enabled, and the Java Heap may be blocking the growth of the native heap
# Possible solutions:
#   Reduce memory load on the system
#   Increase physical memory or swap space
#   Check if swap backing store is full
#   Decrease Java heap size (-Xmx/-Xms)
#   Decrease number of Java threads
#   Decrease Java thread stack sizes (-Xss)
#   Set larger code cache with -XX:ReservedCodeCacheSize=
#   JVM is running with Zero Based Compressed Oops mode in which the Java heap is
#     placed in the first 32GB address space. The Java Heap base address is the
#     maximum limit for the native heap growth. Please use -XX:HeapBaseMinAddress
#     to set the Java Heap base and to place the Java Heap above 32GB virtual address.
# This output file may be truncated or incomplete.
#
#  Out of Memory Error (virtualSpaceNode.cpp:112), pid=12736, tid=21288
#
# JRE version: Java(TM) SE Runtime Environment (22.0+36) (build 22+36-2370)
# Java VM: Java HotSpot(TM) 64-Bit Server VM (22+36-2370, mixed mode, tiered, compressed oops, compressed class ptrs, g1 gc, windows-amd64)
# No core dump will be written. Minidumps are not enabled by default on client versions of Windows
#

---------------  S U M M A R Y ------------

Command Line: -Dfile.encoding=UTF-8 --module-path=C:\ARCCHIV PAME\java oracle xd\JavaApplication18\build\classes javaapplication18.JavaApplication18

Host: 12th Gen Intel(R) Core(TM) i7-12700, 20 cores, 31G,  Windows 10 , 64 bit Build 19041 (10.0.19041.1889)
Time: Mon Apr 22 15:28:44 2024 Hora est. Pacífico, Sudamérica elapsed time: 0.176174 seconds (0d 0h 0m 0s)

---------------  T H R E A D  ---------------

Current thread (0x0000016a4c9064b0):  JavaThread "main"             [_thread_in_vm, id=21288, stack(0x00000020ed700000,0x00000020ed800000) (1024K)]

Stack: [0x00000020ed700000,0x00000020ed800000]
Native frames: (J=compiled Java code, j=interpreted, Vv=VM code, C=native code)
V  [jvm.dll+0x6e2349]  (no source info available)
V  [jvm.dll+0x874ed3]  (no source info available)
V  [jvm.dll+0x8772fe]  (no source info available)
V  [jvm.dll+0x8779d3]  (no source info available)
V  [jvm.dll+0x27fcb6]  (no source info available)
V  [jvm.dll+0x870b1e]  (no source info available)
V  [jvm.dll+0x6853b5]  (no source info available)
V  [jvm.dll+0x68541a]  (no source info available)
V  [jvm.dll+0x687c5a]  (no source info available)
V  [jvm.dll+0x22509c]  (no source info available)
V  [jvm.dll+0x685dce]  (no source info available)
V  [jvm.dll+0x690068]  (no source info available)
V  [jvm.dll+0x2152f1]  (no source info available)
V  [jvm.dll+0x21577a]  (no source info available)
V  [jvm.dll+0x2161a1]  (no source info available)
V  [jvm.dll+0x20b4de]  (no source info available)
V  [jvm.dll+0x5c471f]  (no source info available)
V  [jvm.dll+0x21cc5a]  (no source info available)
V  [jvm.dll+0x7eb79c]  (no source info available)
V  [jvm.dll+0x7ec836]  (no source info available)
V  [jvm.dll+0x7ece44]  (no source info available)
V  [jvm.dll+0x483c6b]  (no source info available)
C  [jli.dll+0x848f]  (no source info available)
C  [jli.dll+0x48ac]  (no source info available)
C  [jli.dll+0x58ec]  (no source info available)
C  [jli.dll+0x566c]  (no source info available)
C  [ucrtbase.dll+0x21bb2]  (no source info available)
C  [KERNEL32.DLL+0x17034]  (no source info available)
C  [ntdll.dll+0x52651]  (no source info available)


---------------  P R O C E S S  ---------------

Threads class SMR info:
_java_thread_list=0x0000016a005bd6c0, length=11, elements={
0x0000016a4c9064b0, 0x0000016a0017c450, 0x0000016a0017d420, 0x0000016a00173ae0,
0x0000016a0017e270, 0x0000016a00181290, 0x0000016a0019eec0, 0x0000016a001a2770,
0x0000016a001a4230, 0x0000016a0035ad50, 0x0000016a003fe270
}

Java Threads: ( => current thread )
=>0x0000016a4c9064b0 JavaThread "main"                              [_thread_in_vm, id=21288, stack(0x00000020ed700000,0x00000020ed800000) (1024K)]
  0x0000016a0017c450 JavaThread "Reference Handler"          daemon [_thread_blocked, id=16596, stack(0x00000020edf00000,0x00000020ee000000) (1024K)]
  0x0000016a0017d420 JavaThread "Finalizer"                  daemon [_thread_blocked, id=2232, stack(0x00000020ee000000,0x00000020ee100000) (1024K)]
  0x0000016a00173ae0 JavaThread "Signal Dispatcher"          daemon [_thread_blocked, id=14272, stack(0x00000020ee100000,0x00000020ee200000) (1024K)]
  0x0000016a0017e270 JavaThread "Attach Listener"            daemon [_thread_blocked, id=7796, stack(0x00000020ee200000,0x00000020ee300000) (1024K)]
  0x0000016a00181290 JavaThread "Service Thread"             daemon [_thread_blocked, id=20884, stack(0x00000020ee300000,0x00000020ee400000) (1024K)]
  0x0000016a0019eec0 JavaThread "Monitor Deflation Thread"   daemon [_thread_blocked, id=17476, stack(0x00000020ee400000,0x00000020ee500000) (1024K)]
  0x0000016a001a2770 JavaThread "C2 CompilerThread0"         daemon [_thread_blocked, id=1344, stack(0x00000020ee500000,0x00000020ee600000) (1024K)]
  0x0000016a001a4230 JavaThread "C1 CompilerThread0"         daemon [_thread_blocked, id=23500, stack(0x00000020ee600000,0x00000020ee700000) (1024K)]
  0x0000016a0035ad50 JavaThread "Common-Cleaner"             daemon [_thread_blocked, id=7808, stack(0x00000020ee700000,0x00000020ee800000) (1024K)]
  0x0000016a003fe270 JavaThread "Notification Thread"        daemon [_thread_blocked, id=18084, stack(0x00000020ee800000,0x00000020ee900000) (1024K)]
Total: 11

Other Threads:
  0x0000016a00110ba0 VMThread "VM Thread"                           [id=3488, stack(0x00000020ede00000,0x00000020edf00000) (1024K)]
  0x0000016a00080c30 WatcherThread "VM Periodic Task Thread"        [id=7324, stack(0x00000020edd00000,0x00000020ede00000) (1024K)]
  0x0000016a66a502f0 WorkerThread "GC Thread#0"                     [id=2888, stack(0x00000020ed800000,0x00000020ed900000) (1024K)]
  0x0000016a4ec9eaf0 ConcurrentGCThread "G1 Main Marker"            [id=10636, stack(0x00000020ed900000,0x00000020eda00000) (1024K)]
  0x0000016a66a593a0 WorkerThread "G1 Conc#0"                       [id=7964, stack(0x00000020eda00000,0x00000020edb00000) (1024K)]
  0x0000016a66b1add0 ConcurrentGCThread "G1 Refine#0"               [id=7728, stack(0x00000020edb00000,0x00000020edc00000) (1024K)]
  0x0000016a66b1b860 ConcurrentGCThread "G1 Service"                [id=9604, stack(0x00000020edc00000,0x00000020edd00000) (1024K)]
Total: 7

Threads with active compile tasks:
Total: 0

VM state: not at safepoint (normal execution)

VM Mutex/Monitor currently owned by a thread:  ([mutex/lock_event])
[0x00007ff95b44ab48] Metaspace_lock - owner thread: 0x0000016a4c9064b0

Heap address: 0x0000000604c00000, size: 8116 MB, Compressed Oops mode: Zero based, Oop shift amount: 3

CDS archive(s) not mapped
Compressed class space mapped at: 0x0000000026000000-0x0000000066000000, reserved size: 1073741824
Narrow klass base: 0x0000000000000000, Narrow klass shift: 0, Narrow klass range: 0x66000000

GC Precious Log:
 CardTable entry size: 512
 Card Set container configuration: InlinePtr #cards 4 size 8 Array Of Cards #cards 32 size 80 Howl #buckets 8 coarsen threshold 7372 Howl Bitmap #cards 1024 size 144 coarsen threshold 921 Card regions per heap region 1 cards per card region 8192
 CPUs: 20 total, 20 available
 Memory: 32456M
 Large Page Support: Disabled
 NUMA Support: Disabled
 Compressed Oops: Enabled (Zero based)
 Heap Region Size: 4M
 Heap Min Capacity: 8M
 Heap Initial Capacity: 508M
 Heap Max Capacity: 8116M
 Pre-touch: Disabled
 Parallel Workers: 15
 Concurrent Workers: 4
 Concurrent Refinement Workers: 15
 Periodic GC: Disabled

Heap:
 garbage-first heap   total reserved 8310784K, committed 520192K, used 0K [0x0000000604c00000, 0x0000000800000000)
  region size 4096K, 1 young (4096K), 0 survivors (0K)
 Metaspace       used 6296K, committed 6400K, reserved 1114112K
  class space    used 534K, committed 576K, reserved 1048576K

Heap Regions: E=young(eden), S=young(survivor), O=old, HS=humongous(starts), HC=humongous(continues), CS=collection set, F=free, TAMS=top-at-mark-start, PB=parsable bottom
|   0|0x0000000604c00000, 0x0000000604c00000, 0x0000000605000000|  0%| F|  |TAMS 0x0000000604c00000| PB 0x0000000604c00000| Untracked |  0
|   1|0x0000000605000000, 0x0000000605000000, 0x0000000605400000|  0%| F|  |TAMS 0x0000000605000000| PB 0x0000000605000000| Untracked |  0
|   2|0x0000000605400000, 0x0000000605400000, 0x0000000605800000|  0%| F|  |TAMS 0x0000000605400000| PB 0x0000000605400000| Untracked |  0
|   3|0x0000000605800000, 0x0000000605800000, 0x0000000605c00000|  0%| F|  |TAMS 0x0000000605800000| PB 0x0000000605800000| Untracked |  0
|   4|0x0000000605c00000, 0x0000000605c00000, 0x0000000606000000|  0%| F|  |TAMS 0x0000000605c00000| PB 0x0000000605c00000| Untracked |  0
|   5|0x0000000606000000, 0x0000000606000000, 0x0000000606400000|  0%| F|  |TAMS 0x0000000606000000| PB 0x0000000606000000| Untracked |  0
|   6|0x0000000606400000, 0x0000000606400000, 0x0000000606800000|  0%| F|  |TAMS 0x0000000606400000| PB 0x0000000606400000| Untracked |  0
|   7|0x0000000606800000, 0x0000000606800000, 0x0000000606c00000|  0%| F|  |TAMS 0x0000000606800000| PB 0x0000000606800000| Untracked |  0
|   8|0x0000000606c00000, 0x0000000606c00000, 0x0000000607000000|  0%| F|  |TAMS 0x0000000606c00000| PB 0x0000000606c00000| Untracked |  0
|   9|0x0000000607000000, 0x0000000607000000, 0x0000000607400000|  0%| F|  |TAMS 0x0000000607000000| PB 0x0000000607000000| Untracked |  0
|  10|0x0000000607400000, 0x0000000607400000, 0x0000000607800000|  0%| F|  |TAMS 0x0000000607400000| PB 0x0000000607400000| Untracked |  0
|  11|0x0000000607800000, 0x0000000607800000, 0x0000000607c00000|  0%| F|  |TAMS 0x0000000607800000| PB 0x0000000607800000| Untracked |  0
|  12|0x0000000607c00000, 0x0000000607c00000, 0x0000000608000000|  0%| F|  |TAMS 0x0000000607c00000| PB 0x0000000607c00000| Untracked |  0
|  13|0x0000000608000000, 0x0000000608000000, 0x0000000608400000|  0%| F|  |TAMS 0x0000000608000000| PB 0x0000000608000000| Untracked |  0
|  14|0x0000000608400000, 0x0000000608400000, 0x0000000608800000|  0%| F|  |TAMS 0x0000000608400000| PB 0x0000000608400000| Untracked |  0
|  15|0x0000000608800000, 0x0000000608800000, 0x0000000608c00000|  0%| F|  |TAMS 0x0000000608800000| PB 0x0000000608800000| Untracked |  0
|  16|0x0000000608c00000, 0x0000000608c00000, 0x0000000609000000|  0%| F|  |TAMS 0x0000000608c00000| PB 0x0000000608c00000| Untracked |  0
|  17|0x0000000609000000, 0x0000000609000000, 0x0000000609400000|  0%| F|  |TAMS 0x0000000609000000| PB 0x0000000609000000| Untracked |  0
|  18|0x0000000609400000, 0x0000000609400000, 0x0000000609800000|  0%| F|  |TAMS 0x0000000609400000| PB 0x0000000609400000| Untracked |  0
|  19|0x0000000609800000, 0x0000000609800000, 0x0000000609c00000|  0%| F|  |TAMS 0x0000000609800000| PB 0x0000000609800000| Untracked |  0
|  20|0x0000000609c00000, 0x0000000609c00000, 0x000000060a000000|  0%| F|  |TAMS 0x0000000609c00000| PB 0x0000000609c00000| Untracked |  0
|  21|0x000000060a000000, 0x000000060a000000, 0x000000060a400000|  0%| F|  |TAMS 0x000000060a000000| PB 0x000000060a000000| Untracked |  0
|  22|0x000000060a400000, 0x000000060a400000, 0x000000060a800000|  0%| F|  |TAMS 0x000000060a400000| PB 0x000000060a400000| Untracked |  0
|  23|0x000000060a800000, 0x000000060a800000, 0x000000060ac00000|  0%| F|  |TAMS 0x000000060a800000| PB 0x000000060a800000| Untracked |  0
|  24|0x000000060ac00000, 0x000000060ac00000, 0x000000060b000000|  0%| F|  |TAMS 0x000000060ac00000| PB 0x000000060ac00000| Untracked |  0
|  25|0x000000060b000000, 0x000000060b000000, 0x000000060b400000|  0%| F|  |TAMS 0x000000060b000000| PB 0x000000060b000000| Untracked |  0
|  26|0x000000060b400000, 0x000000060b400000, 0x000000060b800000|  0%| F|  |TAMS 0x000000060b400000| PB 0x000000060b400000| Untracked |  0
|  27|0x000000060b800000, 0x000000060b800000, 0x000000060bc00000|  0%| F|  |TAMS 0x000000060b800000| PB 0x000000060b800000| Untracked |  0
|  28|0x000000060bc00000, 0x000000060bc00000, 0x000000060c000000|  0%| F|  |TAMS 0x000000060bc00000| PB 0x000000060bc00000| Untracked |  0
|  29|0x000000060c000000, 0x000000060c000000, 0x000000060c400000|  0%| F|  |TAMS 0x000000060c000000| PB 0x000000060c000000| Untracked |  0
|  30|0x000000060c400000, 0x000000060c400000, 0x000000060c800000|  0%| F|  |TAMS 0x000000060c400000| PB 0x000000060c400000| Untracked |  0
|  31|0x000000060c800000, 0x000000060c800000, 0x000000060cc00000|  0%| F|  |TAMS 0x000000060c800000| PB 0x000000060c800000| Untracked |  0
|  32|0x000000060cc00000, 0x000000060cc00000, 0x000000060d000000|  0%| F|  |TAMS 0x000000060cc00000| PB 0x000000060cc00000| Untracked |  0
|  33|0x000000060d000000, 0x000000060d000000, 0x000000060d400000|  0%| F|  |TAMS 0x000000060d000000| PB 0x000000060d000000| Untracked |  0
|  34|0x000000060d400000, 0x000000060d400000, 0x000000060d800000|  0%| F|  |TAMS 0x000000060d400000| PB 0x000000060d400000| Untracked |  0
|  35|0x000000060d800000, 0x000000060d800000, 0x000000060dc00000|  0%| F|  |TAMS 0x000000060d800000| PB 0x000000060d800000| Untracked |  0
|  36|0x000000060dc00000, 0x000000060dc00000, 0x000000060e000000|  0%| F|  |TAMS 0x000000060dc00000| PB 0x000000060dc00000| Untracked |  0
|  37|0x000000060e000000, 0x000000060e000000, 0x000000060e400000|  0%| F|  |TAMS 0x000000060e000000| PB 0x000000060e000000| Untracked |  0
|  38|0x000000060e400000, 0x000000060e400000, 0x000000060e800000|  0%| F|  |TAMS 0x000000060e400000| PB 0x000000060e400000| Untracked |  0
|  39|0x000000060e800000, 0x000000060e800000, 0x000000060ec00000|  0%| F|  |TAMS 0x000000060e800000| PB 0x000000060e800000| Untracked |  0
|  40|0x000000060ec00000, 0x000000060ec00000, 0x000000060f000000|  0%| F|  |TAMS 0x000000060ec00000| PB 0x000000060ec00000| Untracked |  0
|  41|0x000000060f000000, 0x000000060f000000, 0x000000060f400000|  0%| F|  |TAMS 0x000000060f000000| PB 0x000000060f000000| Untracked |  0
|  42|0x000000060f400000, 0x000000060f400000, 0x000000060f800000|  0%| F|  |TAMS 0x000000060f400000| PB 0x000000060f400000| Untracked |  0
|  43|0x000000060f800000, 0x000000060f800000, 0x000000060fc00000|  0%| F|  |TAMS 0x000000060f800000| PB 0x000000060f800000| Untracked |  0
|  44|0x000000060fc00000, 0x000000060fc00000, 0x0000000610000000|  0%| F|  |TAMS 0x000000060fc00000| PB 0x000000060fc00000| Untracked |  0
|  45|0x0000000610000000, 0x0000000610000000, 0x0000000610400000|  0%| F|  |TAMS 0x0000000610000000| PB 0x0000000610000000| Untracked |  0
|  46|0x0000000610400000, 0x0000000610400000, 0x0000000610800000|  0%| F|  |TAMS 0x0000000610400000| PB 0x0000000610400000| Untracked |  0
|  47|0x0000000610800000, 0x0000000610800000, 0x0000000610c00000|  0%| F|  |TAMS 0x0000000610800000| PB 0x0000000610800000| Untracked |  0
|  48|0x0000000610c00000, 0x0000000610c00000, 0x0000000611000000|  0%| F|  |TAMS 0x0000000610c00000| PB 0x0000000610c00000| Untracked |  0
|  49|0x0000000611000000, 0x0000000611000000, 0x0000000611400000|  0%| F|  |TAMS 0x0000000611000000| PB 0x0000000611000000| Untracked |  0
|  50|0x0000000611400000, 0x0000000611400000, 0x0000000611800000|  0%| F|  |TAMS 0x0000000611400000| PB 0x0000000611400000| Untracked |  0
|  51|0x0000000611800000, 0x0000000611800000, 0x0000000611c00000|  0%| F|  |TAMS 0x0000000611800000| PB 0x0000000611800000| Untracked |  0
|  52|0x0000000611c00000, 0x0000000611c00000, 0x0000000612000000|  0%| F|  |TAMS 0x0000000611c00000| PB 0x0000000611c00000| Untracked |  0
|  53|0x0000000612000000, 0x0000000612000000, 0x0000000612400000|  0%| F|  |TAMS 0x0000000612000000| PB 0x0000000612000000| Untracked |  0
|  54|0x0000000612400000, 0x0000000612400000, 0x0000000612800000|  0%| F|  |TAMS 0x0000000612400000| PB 0x0000000612400000| Untracked |  0
|  55|0x0000000612800000, 0x0000000612800000, 0x0000000612c00000|  0%| F|  |TAMS 0x0000000612800000| PB 0x0000000612800000| Untracked |  0
|  56|0x0000000612c00000, 0x0000000612c00000, 0x0000000613000000|  0%| F|  |TAMS 0x0000000612c00000| PB 0x0000000612c00000| Untracked |  0
|  57|0x0000000613000000, 0x0000000613000000, 0x0000000613400000|  0%| F|  |TAMS 0x0000000613000000| PB 0x0000000613000000| Untracked |  0
|  58|0x0000000613400000, 0x0000000613400000, 0x0000000613800000|  0%| F|  |TAMS 0x0000000613400000| PB 0x0000000613400000| Untracked |  0
|  59|0x0000000613800000, 0x0000000613800000, 0x0000000613c00000|  0%| F|  |TAMS 0x0000000613800000| PB 0x0000000613800000| Untracked |  0
|  60|0x0000000613c00000, 0x0000000613c00000, 0x0000000614000000|  0%| F|  |TAMS 0x0000000613c00000| PB 0x0000000613c00000| Untracked |  0
|  61|0x0000000614000000, 0x0000000614000000, 0x0000000614400000|  0%| F|  |TAMS 0x0000000614000000| PB 0x0000000614000000| Untracked |  0
|  62|0x0000000614400000, 0x0000000614400000, 0x0000000614800000|  0%| F|  |TAMS 0x0000000614400000| PB 0x0000000614400000| Untracked |  0
|  63|0x0000000614800000, 0x0000000614800000, 0x0000000614c00000|  0%| F|  |TAMS 0x0000000614800000| PB 0x0000000614800000| Untracked |  0
|  64|0x0000000614c00000, 0x0000000614c00000, 0x0000000615000000|  0%| F|  |TAMS 0x0000000614c00000| PB 0x0000000614c00000| Untracked |  0
|  65|0x0000000615000000, 0x0000000615000000, 0x0000000615400000|  0%| F|  |TAMS 0x0000000615000000| PB 0x0000000615000000| Untracked |  0
|  66|0x0000000615400000, 0x0000000615400000, 0x0000000615800000|  0%| F|  |TAMS 0x0000000615400000| PB 0x0000000615400000| Untracked |  0
|  67|0x0000000615800000, 0x0000000615800000, 0x0000000615c00000|  0%| F|  |TAMS 0x0000000615800000| PB 0x0000000615800000| Untracked |  0
|  68|0x0000000615c00000, 0x0000000615c00000, 0x0000000616000000|  0%| F|  |TAMS 0x0000000615c00000| PB 0x0000000615c00000| Untracked |  0
|  69|0x0000000616000000, 0x0000000616000000, 0x0000000616400000|  0%| F|  |TAMS 0x0000000616000000| PB 0x0000000616000000| Untracked |  0
|  70|0x0000000616400000, 0x0000000616400000, 0x0000000616800000|  0%| F|  |TAMS 0x0000000616400000| PB 0x0000000616400000| Untracked |  0
|  71|0x0000000616800000, 0x0000000616800000, 0x0000000616c00000|  0%| F|  |TAMS 0x0000000616800000| PB 0x0000000616800000| Untracked |  0
|  72|0x0000000616c00000, 0x0000000616c00000, 0x0000000617000000|  0%| F|  |TAMS 0x0000000616c00000| PB 0x0000000616c00000| Untracked |  0
|  73|0x0000000617000000, 0x0000000617000000, 0x0000000617400000|  0%| F|  |TAMS 0x0000000617000000| PB 0x0000000617000000| Untracked |  0
|  74|0x0000000617400000, 0x0000000617400000, 0x0000000617800000|  0%| F|  |TAMS 0x0000000617400000| PB 0x0000000617400000| Untracked |  0
|  75|0x0000000617800000, 0x0000000617800000, 0x0000000617c00000|  0%| F|  |TAMS 0x0000000617800000| PB 0x0000000617800000| Untracked |  0
|  76|0x0000000617c00000, 0x0000000617c00000, 0x0000000618000000|  0%| F|  |TAMS 0x0000000617c00000| PB 0x0000000617c00000| Untracked |  0
|  77|0x0000000618000000, 0x0000000618000000, 0x0000000618400000|  0%| F|  |TAMS 0x0000000618000000| PB 0x0000000618000000| Untracked |  0
|  78|0x0000000618400000, 0x0000000618400000, 0x0000000618800000|  0%| F|  |TAMS 0x0000000618400000| PB 0x0000000618400000| Untracked |  0
|  79|0x0000000618800000, 0x0000000618800000, 0x0000000618c00000|  0%| F|  |TAMS 0x0000000618800000| PB 0x0000000618800000| Untracked |  0
|  80|0x0000000618c00000, 0x0000000618c00000, 0x0000000619000000|  0%| F|  |TAMS 0x0000000618c00000| PB 0x0000000618c00000| Untracked |  0
|  81|0x0000000619000000, 0x0000000619000000, 0x0000000619400000|  0%| F|  |TAMS 0x0000000619000000| PB 0x0000000619000000| Untracked |  0
|  82|0x0000000619400000, 0x0000000619400000, 0x0000000619800000|  0%| F|  |TAMS 0x0000000619400000| PB 0x0000000619400000| Untracked |  0
|  83|0x0000000619800000, 0x0000000619800000, 0x0000000619c00000|  0%| F|  |TAMS 0x0000000619800000| PB 0x0000000619800000| Untracked |  0
|  84|0x0000000619c00000, 0x0000000619c00000, 0x000000061a000000|  0%| F|  |TAMS 0x0000000619c00000| PB 0x0000000619c00000| Untracked |  0
|  85|0x000000061a000000, 0x000000061a000000, 0x000000061a400000|  0%| F|  |TAMS 0x000000061a000000| PB 0x000000061a000000| Untracked |  0
|  86|0x000000061a400000, 0x000000061a400000, 0x000000061a800000|  0%| F|  |TAMS 0x000000061a400000| PB 0x000000061a400000| Untracked |  0
|  87|0x000000061a800000, 0x000000061a800000, 0x000000061ac00000|  0%| F|  |TAMS 0x000000061a800000| PB 0x000000061a800000| Untracked |  0
|  88|0x000000061ac00000, 0x000000061ac00000, 0x000000061b000000|  0%| F|  |TAMS 0x000000061ac00000| PB 0x000000061ac00000| Untracked |  0
|  89|0x000000061b000000, 0x000000061b000000, 0x000000061b400000|  0%| F|  |TAMS 0x000000061b000000| PB 0x000000061b000000| Untracked |  0
|  90|0x000000061b400000, 0x000000061b400000, 0x000000061b800000|  0%| F|  |TAMS 0x000000061b400000| PB 0x000000061b400000| Untracked |  0
|  91|0x000000061b800000, 0x000000061b800000, 0x000000061bc00000|  0%| F|  |TAMS 0x000000061b800000| PB 0x000000061b800000| Untracked |  0
|  92|0x000000061bc00000, 0x000000061bc00000, 0x000000061c000000|  0%| F|  |TAMS 0x000000061bc00000| PB 0x000000061bc00000| Untracked |  0
|  93|0x000000061c000000, 0x000000061c000000, 0x000000061c400000|  0%| F|  |TAMS 0x000000061c000000| PB 0x000000061c000000| Untracked |  0
|  94|0x000000061c400000, 0x000000061c400000, 0x000000061c800000|  0%| F|  |TAMS 0x000000061c400000| PB 0x000000061c400000| Untracked |  0
|  95|0x000000061c800000, 0x000000061c800000, 0x000000061cc00000|  0%| F|  |TAMS 0x000000061c800000| PB 0x000000061c800000| Untracked |  0
|  96|0x000000061cc00000, 0x000000061cc00000, 0x000000061d000000|  0%| F|  |TAMS 0x000000061cc00000| PB 0x000000061cc00000| Untracked |  0
|  97|0x000000061d000000, 0x000000061d000000, 0x000000061d400000|  0%| F|  |TAMS 0x000000061d000000| PB 0x000000061d000000| Untracked |  0
|  98|0x000000061d400000, 0x000000061d400000, 0x000000061d800000|  0%| F|  |TAMS 0x000000061d400000| PB 0x000000061d400000| Untracked |  0
|  99|0x000000061d800000, 0x000000061d800000, 0x000000061dc00000|  0%| F|  |TAMS 0x000000061d800000| PB 0x000000061d800000| Untracked |  0
| 100|0x000000061dc00000, 0x000000061dc00000, 0x000000061e000000|  0%| F|  |TAMS 0x000000061dc00000| PB 0x000000061dc00000| Untracked |  0
| 101|0x000000061e000000, 0x000000061e000000, 0x000000061e400000|  0%| F|  |TAMS 0x000000061e000000| PB 0x000000061e000000| Untracked |  0
| 102|0x000000061e400000, 0x000000061e400000, 0x000000061e800000|  0%| F|  |TAMS 0x000000061e400000| PB 0x000000061e400000| Untracked |  0
| 103|0x000000061e800000, 0x000000061e800000, 0x000000061ec00000|  0%| F|  |TAMS 0x000000061e800000| PB 0x000000061e800000| Untracked |  0
| 104|0x000000061ec00000, 0x000000061ec00000, 0x000000061f000000|  0%| F|  |TAMS 0x000000061ec00000| PB 0x000000061ec00000| Untracked |  0
| 105|0x000000061f000000, 0x000000061f000000, 0x000000061f400000|  0%| F|  |TAMS 0x000000061f000000| PB 0x000000061f000000| Untracked |  0
| 106|0x000000061f400000, 0x000000061f400000, 0x000000061f800000|  0%| F|  |TAMS 0x000000061f400000| PB 0x000000061f400000| Untracked |  0
| 107|0x000000061f800000, 0x000000061f800000, 0x000000061fc00000|  0%| F|  |TAMS 0x000000061f800000| PB 0x000000061f800000| Untracked |  0
| 108|0x000000061fc00000, 0x000000061fc00000, 0x0000000620000000|  0%| F|  |TAMS 0x000000061fc00000| PB 0x000000061fc00000| Untracked |  0
| 109|0x0000000620000000, 0x0000000620000000, 0x0000000620400000|  0%| F|  |TAMS 0x0000000620000000| PB 0x0000000620000000| Untracked |  0
| 110|0x0000000620400000, 0x0000000620400000, 0x0000000620800000|  0%| F|  |TAMS 0x0000000620400000| PB 0x0000000620400000| Untracked |  0
| 111|0x0000000620800000, 0x0000000620800000, 0x0000000620c00000|  0%| F|  |TAMS 0x0000000620800000| PB 0x0000000620800000| Untracked |  0
| 112|0x0000000620c00000, 0x0000000620c00000, 0x0000000621000000|  0%| F|  |TAMS 0x0000000620c00000| PB 0x0000000620c00000| Untracked |  0
| 113|0x0000000621000000, 0x0000000621000000, 0x0000000621400000|  0%| F|  |TAMS 0x0000000621000000| PB 0x0000000621000000| Untracked |  0
| 114|0x0000000621400000, 0x0000000621400000, 0x0000000621800000|  0%| F|  |TAMS 0x0000000621400000| PB 0x0000000621400000| Untracked |  0
| 115|0x0000000621800000, 0x0000000621800000, 0x0000000621c00000|  0%| F|  |TAMS 0x0000000621800000| PB 0x0000000621800000| Untracked |  0
| 116|0x0000000621c00000, 0x0000000621c00000, 0x0000000622000000|  0%| F|  |TAMS 0x0000000621c00000| PB 0x0000000621c00000| Untracked |  0
| 117|0x0000000622000000, 0x0000000622000000, 0x0000000622400000|  0%| F|  |TAMS 0x0000000622000000| PB 0x0000000622000000| Untracked |  0
| 118|0x0000000622400000, 0x0000000622400000, 0x0000000622800000|  0%| F|  |TAMS 0x0000000622400000| PB 0x0000000622400000| Untracked |  0
| 119|0x0000000622800000, 0x0000000622800000, 0x0000000622c00000|  0%| F|  |TAMS 0x0000000622800000| PB 0x0000000622800000| Untracked |  0
| 120|0x0000000622c00000, 0x0000000622c00000, 0x0000000623000000|  0%| F|  |TAMS 0x0000000622c00000| PB 0x0000000622c00000| Untracked |  0
| 121|0x0000000623000000, 0x0000000623000000, 0x0000000623400000|  0%| F|  |TAMS 0x0000000623000000| PB 0x0000000623000000| Untracked |  0
| 122|0x0000000623400000, 0x0000000623400000, 0x0000000623800000|  0%| F|  |TAMS 0x0000000623400000| PB 0x0000000623400000| Untracked |  0
| 123|0x0000000623800000, 0x0000000623800000, 0x0000000623c00000|  0%| F|  |TAMS 0x0000000623800000| PB 0x0000000623800000| Untracked |  0
| 124|0x0000000623c00000, 0x0000000623c00000, 0x0000000624000000|  0%| F|  |TAMS 0x0000000623c00000| PB 0x0000000623c00000| Untracked |  0
| 125|0x0000000624000000, 0x0000000624000000, 0x0000000624400000|  0%| F|  |TAMS 0x0000000624000000| PB 0x0000000624000000| Untracked |  0
| 126|0x0000000624400000, 0x000000062475c4f0, 0x0000000624800000| 84%| E|  |TAMS 0x0000000624400000| PB 0x0000000624400000| Complete |  0

Card table byte_map: [0x0000016a67bb0000,0x0000016a68b90000] _byte_map_base: 0x0000016a64b8a000

Marking Bits: (CMBitMap*) 0x0000016a66a506b0
 Bits: [0x0000016a68b90000, 0x0000016a70a60000)

Polling page: 0x0000016a4ca50000

Metaspace:

Usage:
  Non-class:      5.63 MB used.
      Class:    534.78 KB used.
       Both:      6.15 MB used.

Virtual space:
  Non-class space:       64.00 MB reserved,       5.69 MB (  9%) committed,  1 nodes.
      Class space:        1.00 GB reserved,     576.00 KB ( <1%) committed,  1 nodes.
             Both:        1.06 GB reserved,       6.25 MB ( <1%) committed. 

Chunk freelists:
   Non-Class:  10.25 MB
       Class:  15.25 MB
        Both:  25.50 MB

MaxMetaspaceSize: unlimited
CompressedClassSpaceSize: 1.00 GB
Initial GC threshold: 21.00 MB
Current GC threshold: 21.00 MB
CDS: off
 - commit_granule_bytes: 65536.
 - commit_granule_words: 8192.
 - virtual_space_node_default_size: 8388608.
 - enlarge_chunks_in_place: 1.
 - use_allocation_guard: 0.


Internal statistics:

num_allocs_failed_limit: 0.
num_arena_births: 6.
num_arena_deaths: 0.
num_vsnodes_births: 2.
num_vsnodes_deaths: 0.
num_space_committed: 100.
num_space_uncommitted: 0.
num_chunks_returned_to_freelist: 0.
num_chunks_taken_from_freelist: 18.
num_chunk_merges: 0.
num_chunk_splits: 7.
num_chunks_enlarged: 2.
num_inconsistent_stats: 0.

CodeHeap 'non-profiled nmethods': size=119168Kb used=69Kb max_used=69Kb free=119098Kb
 bounds [0x0000016a5eac0000, 0x0000016a5ed30000, 0x0000016a65f20000]
CodeHeap 'profiled nmethods': size=119104Kb used=236Kb max_used=236Kb free=118867Kb
 bounds [0x0000016a56f20000, 0x0000016a57190000, 0x0000016a5e370000]
CodeHeap 'non-nmethods': size=7488Kb used=1264Kb max_used=1280Kb free=6223Kb
 bounds [0x0000016a5e370000, 0x0000016a5e5e0000, 0x0000016a5eac0000]
 total_blobs=598 nmethods=215 adapters=288
 compilation: enabled
              stopped_count=0, restarted_count=0
 full_count=0

Compilation events (20 events):
Event: 0.170 Thread 0x0000016a001a4230  209       3       java.util.HashSet::<init> (16 bytes)
Event: 0.171 Thread 0x0000016a001a4230 nmethod 209 0x0000016a56f5a810 code [0x0000016a56f5a9e0, 0x0000016a56f5ade8]
Event: 0.171 Thread 0x0000016a001a4230  206       1       java.lang.module.ModuleDescriptor$Version::toString (5 bytes)
Event: 0.171 Thread 0x0000016a001a4230 nmethod 206 0x0000016a5eace310 code [0x0000016a5eace4a0, 0x0000016a5eace570]
Event: 0.171 Thread 0x0000016a001a4230  210       1       java.lang.module.ResolvedModule::configuration (5 bytes)
Event: 0.171 Thread 0x0000016a001a4230 nmethod 210 0x0000016a5eacea10 code [0x0000016a5eaceba0, 0x0000016a5eacec70]
Event: 0.171 Thread 0x0000016a001a4230  213       3       java.util.HashMap::isEmpty (13 bytes)
Event: 0.171 Thread 0x0000016a001a4230 nmethod 213 0x0000016a56f5af90 code [0x0000016a56f5b120, 0x0000016a56f5b280]
Event: 0.171 Thread 0x0000016a001a4230  211       1       java.lang.module.ModuleDescriptor::isOpen (5 bytes)
Event: 0.171 Thread 0x0000016a001a4230 nmethod 211 0x0000016a5eaced10 code [0x0000016a5eaceea0, 0x0000016a5eacef70]
Event: 0.171 Thread 0x0000016a001a4230  214       1       java.util.HashMap::size (5 bytes)
Event: 0.171 Thread 0x0000016a001a4230 nmethod 214 0x0000016a5eacf010 code [0x0000016a5eacf1a0, 0x0000016a5eacf268]
Event: 0.171 Thread 0x0000016a001a4230  215       1       java.lang.module.ModuleDescriptor$Provides::service (5 bytes)
Event: 0.171 Thread 0x0000016a001a4230 nmethod 215 0x0000016a5eacf310 code [0x0000016a5eacf4a0, 0x0000016a5eacf570]
Event: 0.174 Thread 0x0000016a001a2770 nmethod 188 0x0000016a5eacf610 code [0x0000016a5eacf840, 0x0000016a5ead0390]
Event: 0.174 Thread 0x0000016a001a2770  185       4       java.lang.module.ModuleDescriptor$Exports::isQualified (18 bytes)
Event: 0.174 Thread 0x0000016a001a2770 nmethod 185 0x0000016a5ead0a90 code [0x0000016a5ead0c20, 0x0000016a5ead0cf0]
Event: 0.174 Thread 0x0000016a001a2770  192       4       java.util.HashMap::newNode (13 bytes)
Event: 0.175 Thread 0x0000016a001a2770 nmethod 192 0x0000016a5ead0d90 code [0x0000016a5ead0f20, 0x0000016a5ead1038]
Event: 0.175 Thread 0x0000016a001a2770  191       4       java.lang.String::equals (56 bytes)

GC Heap History (0 events):
No events

Dll operation events (4 events):
Event: 0.016 Loaded shared library C:\Program Files\Java\jdk-22\bin\java.dll
Event: 0.099 Loaded shared library C:\Program Files\Java\jdk-22\bin\jsvml.dll
Event: 0.156 Loaded shared library C:\Program Files\Java\jdk-22\bin\net.dll
Event: 0.159 Loaded shared library C:\Program Files\Java\jdk-22\bin\nio.dll

Deoptimization events (0 events):
No events

Classes loaded (20 events):
Event: 0.171 Loading class java/util/concurrent/CopyOnWriteArrayList done
Event: 0.171 Loading class java/lang/ModuleLayer$Controller
Event: 0.172 Loading class java/lang/ModuleLayer$Controller done
Event: 0.172 Loading class jdk/internal/module/ModuleBootstrap$SafeModuleFinder
Event: 0.172 Loading class jdk/internal/module/ModuleBootstrap$SafeModuleFinder done
Event: 0.173 Loading class java/lang/invoke/StringConcatFactory
Event: 0.173 Loading class java/lang/invoke/StringConcatFactory done
Event: 0.173 Loading class jdk/internal/vm/PostVMInitHook
Event: 0.174 Loading class jdk/internal/vm/PostVMInitHook done
Event: 0.174 Loading class jdk/internal/vm/PostVMInitHook$2
Event: 0.174 Loading class jdk/internal/vm/PostVMInitHook$2 done
Event: 0.174 Loading class jdk/internal/util/EnvUtils
Event: 0.174 Loading class jdk/internal/util/EnvUtils done
Event: 0.174 Loading class jdk/internal/vm/PostVMInitHook$1
Event: 0.174 Loading class jdk/internal/vm/PostVMInitHook$1 done
Event: 0.174 Loading class jdk/internal/misc/CarrierThread
Event: 0.174 Loading class java/util/concurrent/ForkJoinWorkerThread
Event: 0.174 Loading class java/util/concurrent/ForkJoinWorkerThread done
Event: 0.174 Loading class jdk/internal/misc/CarrierThread done
Event: 0.174 Loading class sun/launcher/LauncherHelper

Classes unloaded (0 events):
No events

Classes redefined (0 events):
No events

Internal exceptions (3 events):
Event: 0.161 Thread 0x0000016a4c9064b0 Exception <a 'sun/nio/fs/WindowsException'{0x0000000624640730}> (0x0000000624640730) 
thrown [s\open\src\hotspot\share\prims\jni.cpp, line 520]
Event: 0.164 Thread 0x0000016a4c9064b0 Exception <a 'sun/nio/fs/WindowsException'{0x0000000624642ae8}> (0x0000000624642ae8) 
thrown [s\open\src\hotspot\share\prims\jni.cpp, line 520]
Event: 0.164 Thread 0x0000016a4c9064b0 Exception <a 'sun/nio/fs/WindowsException'{0x0000000624643548}> (0x0000000624643548) 
thrown [s\open\src\hotspot\share\prims\jni.cpp, line 520]

ZGC Phase Switch (0 events):
No events

VM Operations (2 events):
Event: 0.166 Executing VM operation: HandshakeAllThreads (Deoptimize)
Event: 0.166 Executing VM operation: HandshakeAllThreads (Deoptimize) done

Events (11 events):
Event: 0.027 Thread 0x0000016a4c9064b0 Thread added: 0x0000016a4c9064b0
Event: 0.093 Thread 0x0000016a0017c450 Thread added: 0x0000016a0017c450
Event: 0.093 Thread 0x0000016a0017d420 Thread added: 0x0000016a0017d420
Event: 0.094 Thread 0x0000016a00173ae0 Thread added: 0x0000016a00173ae0
Event: 0.094 Thread 0x0000016a0017e270 Thread added: 0x0000016a0017e270
Event: 0.094 Thread 0x0000016a00181290 Thread added: 0x0000016a00181290
Event: 0.094 Thread 0x0000016a0019eec0 Thread added: 0x0000016a0019eec0
Event: 0.094 Thread 0x0000016a001a2770 Thread added: 0x0000016a001a2770
Event: 0.094 Thread 0x0000016a001a4230 Thread added: 0x0000016a001a4230
Event: 0.140 Thread 0x0000016a0035ad50 Thread added: 0x0000016a0035ad50
Event: 0.173 Thread 0x0000016a003fe270 Thread added: 0x0000016a003fe270


Dynamic libraries:
0x00007ff670a90000 - 0x00007ff670aa0000 	C:\Program Files\Java\jdk-22\bin\java.exe
0x00007ffa2b070000 - 0x00007ffa2b268000 	C:\Windows\SYSTEM32\ntdll.dll
0x00007ffa2aa70000 - 0x00007ffa2ab2d000 	C:\Windows\System32\KERNEL32.DLL
0x00007ffa28e00000 - 0x00007ffa290ce000 	C:\Windows\System32\KERNELBASE.dll
0x00007ffa28930000 - 0x00007ffa28a30000 	C:\Windows\System32\ucrtbase.dll
0x00007ffa23940000 - 0x00007ffa2395b000 	C:\Program Files\Java\jdk-22\bin\VCRUNTIME140.dll
0x00007ffa169f0000 - 0x00007ffa16a07000 	C:\Program Files\Java\jdk-22\bin\jli.dll
0x00007ffa29290000 - 0x00007ffa2933e000 	C:\Windows\System32\ADVAPI32.dll
0x00007ffa2abe0000 - 0x00007ffa2ac7e000 	C:\Windows\System32\msvcrt.dll
0x00007ffa29990000 - 0x00007ffa29a2c000 	C:\Windows\System32\sechost.dll
0x00007ffa293a0000 - 0x00007ffa294c5000 	C:\Windows\System32\RPCRT4.dll
0x00007ffa290f0000 - 0x00007ffa29290000 	C:\Windows\System32\USER32.dll
0x00007ffa11740000 - 0x00007ffa119da000 	C:\Windows\WinSxS\amd64_microsoft.windows.common-controls_6595b64144ccf1df_6.0.19041.1110_none_60b5254171f9507e\COMCTL32.dll
0x00007ffa28c40000 - 0x00007ffa28c62000 	C:\Windows\System32\win32u.dll
0x00007ffa29960000 - 0x00007ffa2998a000 	C:\Windows\System32\GDI32.dll
0x00007ffa28b30000 - 0x00007ffa28c3b000 	C:\Windows\System32\gdi32full.dll
0x00007ffa28820000 - 0x00007ffa288bd000 	C:\Windows\System32\msvcp_win.dll
0x00007ffa27bb0000 - 0x00007ffa27bba000 	C:\Windows\SYSTEM32\VERSION.dll
0x00007ffa2a890000 - 0x00007ffa2a8c0000 	C:\Windows\System32\IMM32.DLL
0x00007ffa28390000 - 0x00007ffa28402000 	C:\Windows\system32\guard64.dll
0x00007ffa281a0000 - 0x00007ffa2838c000 	C:\Windows\SYSTEM32\urlmon.dll
0x00007ffa27ea0000 - 0x00007ffa28151000 	C:\Windows\SYSTEM32\iertutil.dll
0x00007ffa28170000 - 0x00007ffa28198000 	C:\Windows\SYSTEM32\srvcli.dll
0x00007ffa28160000 - 0x00007ffa2816c000 	C:\Windows\SYSTEM32\netutils.dll
0x00007ffa2a460000 - 0x00007ffa2a7b4000 	C:\Windows\System32\combase.dll
0x00007ffa2a350000 - 0x00007ffa2a3fd000 	C:\Windows\System32\shcore.dll
0x00007ffa2af00000 - 0x00007ffa2b02a000 	C:\Windows\System32\ole32.dll
0x00007ffa28410000 - 0x00007ffa2841b000 	C:\Windows\system32\fltlib.dll
0x00007ffa29ba0000 - 0x00007ffa2a2e4000 	C:\Windows\System32\shell32.dll
0x00007ffa22d20000 - 0x00007ffa22d2c000 	C:\Program Files\Java\jdk-22\bin\vcruntime140_1.dll
0x00007ff9a8290000 - 0x00007ff9a831e000 	C:\Program Files\Java\jdk-22\bin\msvcp140.dll
0x00007ff95a7e0000 - 0x00007ff95b528000 	C:\Program Files\Java\jdk-22\bin\server\jvm.dll
0x00007ffa2ae30000 - 0x00007ffa2ae9b000 	C:\Windows\System32\WS2_32.dll
0x00007ffa28550000 - 0x00007ffa2859b000 	C:\Windows\SYSTEM32\POWRPROF.dll
0x00007ffa27e70000 - 0x00007ffa27e97000 	C:\Windows\SYSTEM32\WINMM.dll
0x00007ffa28450000 - 0x00007ffa28462000 	C:\Windows\SYSTEM32\UMPDC.dll
0x00007ffa26d30000 - 0x00007ffa26d42000 	C:\Windows\SYSTEM32\kernel.appcore.dll
0x00007ffa22750000 - 0x00007ffa2275a000 	C:\Program Files\Java\jdk-22\bin\jimage.dll
0x00007ffa25d90000 - 0x00007ffa25f74000 	C:\Windows\SYSTEM32\DBGHELP.DLL
0x00007ffa11680000 - 0x00007ffa116ac000 	C:\Windows\SYSTEM32\dbgcore.DLL
0x00007ffa28790000 - 0x00007ffa28812000 	C:\Windows\System32\bcryptPrimitives.dll
0x00007ffa21350000 - 0x00007ffa2136e000 	C:\Program Files\Java\jdk-22\bin\java.dll
0x00007ffa26210000 - 0x00007ffa269a4000 	C:\Windows\SYSTEM32\windows.storage.dll
0x00007ffa27ab0000 - 0x00007ffa27ae0000 	C:\Windows\SYSTEM32\Wldp.dll
0x00007ffa2a400000 - 0x00007ffa2a455000 	C:\Windows\System32\shlwapi.dll
0x00007ffa286d0000 - 0x00007ffa286ef000 	C:\Windows\SYSTEM32\profapi.dll
0x00007ffa21270000 - 0x00007ffa21347000 	C:\Program Files\Java\jdk-22\bin\jsvml.dll
0x00007ffa21a80000 - 0x00007ffa21a90000 	C:\Program Files\Java\jdk-22\bin\net.dll
0x00007ffa27810000 - 0x00007ffa2787a000 	C:\Windows\system32\mswsock.dll
0x00007ffa21250000 - 0x00007ffa21266000 	C:\Program Files\Java\jdk-22\bin\nio.dll

dbghelp: loaded successfully - version: 4.0.5 - missing functions: none
symbol engine: initialized successfully - sym options: 0x614 - pdb path: .;C:\Program Files\Java\jdk-22\bin;C:\Windows\SYSTEM32;C:\Windows\WinSxS\amd64_microsoft.windows.common-controls_6595b64144ccf1df_6.0.19041.1110_none_60b5254171f9507e;C:\Program Files\Java\jdk-22\bin\server

VM Arguments:
jvm_args: -Dfile.encoding=UTF-8 --module-path=C:\ARCCHIV PAME\java oracle xd\JavaApplication18\build\classes 
java_command: javaapplication18.JavaApplication18
java_class_path (initial): C:\ARCCHIV PAME\java oracle xd\JavaApplication18\build\classes
Launcher Type: SUN_STANDARD

[Global flags]
     intx CICompilerCount                          = 12                                        {product} {ergonomic}
     uint ConcGCThreads                            = 4                                         {product} {ergonomic}
     uint G1ConcRefinementThreads                  = 15                                        {product} {ergonomic}
   size_t G1HeapRegionSize                         = 4194304                                   {product} {ergonomic}
   size_t InitialHeapSize                          = 532676608                                 {product} {ergonomic}
   size_t MarkStackSize                            = 4194304                                   {product} {ergonomic}
   size_t MaxHeapSize                              = 8510242816                                {product} {ergonomic}
   size_t MaxNewSize                               = 5104467968                                {product} {ergonomic}
   size_t MinHeapDeltaBytes                        = 4194304                                   {product} {ergonomic}
   size_t MinHeapSize                              = 8388608                                   {product} {ergonomic}
    uintx NonNMethodCodeHeapSize                   = 7602480                                {pd product} {ergonomic}
    uintx NonProfiledCodeHeapSize                  = 122027880                              {pd product} {ergonomic}
    uintx ProfiledCodeHeapSize                     = 122027880                              {pd product} {ergonomic}
    uintx ReservedCodeCacheSize                    = 251658240                              {pd product} {ergonomic}
     bool SegmentedCodeCache                       = true                                      {product} {ergonomic}
   size_t SoftMaxHeapSize                          = 8510242816                             {manageable} {ergonomic}
     bool UseCompressedOops                        = true                           {product lp64_product} {ergonomic}
     bool UseG1GC                                  = true                                      {product} {ergonomic}
     bool UseLargePagesIndividualAllocation        = false                                  {pd product} {ergonomic}

Logging:
Log output configuration:
 #0: stdout all=warning uptime,level,tags foldmultilines=false
 #1: stderr all=off uptime,level,tags foldmultilines=false

Environment Variables:
PATH=C:\app\Soporte\product\21c\dbhomeXE\bin;C:\Program Files\Microsoft\jdk-11.0.16.101-hotspot\bin;C:\Program Files\Common Files\Oracle\Java\javapath;C:\Windows\system32;C:\Windows;C:\Windows\System32\Wbem;C:\Windows\System32\WindowsPowerShell\v1.0\;C:\Windows\System32\OpenSSH\;C:\Program Files\dotnet\;C:\Program Files\Microsoft SQL Server\Client SDK\ODBC\170\Tools\Binn\;C:\Program Files (x86)\Microsoft SQL Server\150\Tools\Binn\;C:\Program Files\Microsoft SQL Server\150\Tools\Binn\;C:\Program Files\Microsoft SQL Server\150\DTS\Binn\;C:\Program Files (x86)\Microsoft SQL Server\150\DTS\Binn\;C:\Program Files\Azure Data Studio\bin;C:\Users\Alumno\AppData\Local\Programs\Python\Python312\Scripts\;C:\Users\Alumno\AppData\Local\Programs\Python\Python312\;C:\Users\Alumno\AppData\Local\Programs\Python\Python311\Scripts\;C:\Users\Alumno\AppData\Local\Programs\Python\Python311\;C:\Users\Alumno\AppData\Local\Microsoft\WindowsApps;C:\Users\Alumno\AppData\Local\Programs\Microsoft VS Code\bin;C:\Users\Alumno\AppData\Local\Programs\Git\cmd
USERNAME=Alumno
OS=Windows_NT
PROCESSOR_IDENTIFIER=Intel64 Family 6 Model 151 Stepping 2, GenuineIntel
TMP=C:\Users\Alumno\AppData\Local\Temp
TEMP=C:\Users\Alumno\AppData\Local\Temp




Periodic native trim disabled

---------------  S Y S T E M  ---------------

OS:
 Windows 10 , 64 bit Build 19041 (10.0.19041.1889)
OS uptime: 3 days 21:28 hours

CPU: total 20 (initial active 20) (10 cores per cpu, 2 threads per core) family 6 model 151 stepping 2 microcode 0x1e, cx8, cmov, fxsr, ht, mmx, 3dnowpref, sse, sse2, sse3, ssse3, sse4.1, sse4.2, popcnt, lzcnt, tsc, tscinvbit, avx, avx2, aes, erms, clmul, bmi1, bmi2, adx, sha, fma, vzeroupper, clflush, clflushopt, clwb, serialize, rdtscp, rdpid, fsrm, f16c, pku, cet_ibt, cet_ss
Processor Information for processor 0
  Max Mhz: 2100, Current Mhz: 2100, Mhz Limit: 1596
Processor Information for processor 1
  Max Mhz: 2100, Current Mhz: 2100, Mhz Limit: 2100
Processor Information for processor 2
  Max Mhz: 2100, Current Mhz: 2100, Mhz Limit: 2100
Processor Information for processor 3
  Max Mhz: 2100, Current Mhz: 2100, Mhz Limit: 2100
Processor Information for processor 4
  Max Mhz: 2100, Current Mhz: 2100, Mhz Limit: 2100
Processor Information for processor 5
  Max Mhz: 2100, Current Mhz: 2100, Mhz Limit: 2100
Processor Information for processor 6
  Max Mhz: 2100, Current Mhz: 2100, Mhz Limit: 2100
Processor Information for processor 7
  Max Mhz: 2100, Current Mhz: 2100, Mhz Limit: 2100
Processor Information for processor 8
  Max Mhz: 2100, Current Mhz: 2100, Mhz Limit: 2100
Processor Information for processor 9
  Max Mhz: 2100, Current Mhz: 2100, Mhz Limit: 2100
Processor Information for processor 10
  Max Mhz: 2100, Current Mhz: 2100, Mhz Limit: 2100
Processor Information for processor 11
  Max Mhz: 2100, Current Mhz: 2100, Mhz Limit: 2100
Processor Information for processor 12
  Max Mhz: 2100, Current Mhz: 2100, Mhz Limit: 2100
Processor Information for processor 13
  Max Mhz: 2100, Current Mhz: 2100, Mhz Limit: 2100
Processor Information for processor 14
  Max Mhz: 2100, Current Mhz: 2100, Mhz Limit: 2100
Processor Information for processor 15
  Max Mhz: 2100, Current Mhz: 2100, Mhz Limit: 2100
Processor Information for processor 16
  Max Mhz: 2100, Current Mhz: 1600, Mhz Limit: 1596
Processor Information for processor 17
  Max Mhz: 2100, Current Mhz: 1600, Mhz Limit: 1596
Processor Information for processor 18
  Max Mhz: 2100, Current Mhz: 1600, Mhz Limit: 1596
Processor Information for processor 19
  Max Mhz: 2100, Current Mhz: 1600, Mhz Limit: 1596

Memory: 4k page, system-wide physical 32456M (111M free)
TotalPageFile size 130760M (AvailPageFile size 1M)
current process WorkingSet (physical memory assigned to process): 36M, peak: 36M
current process commit charge ("private bytes"): 609M, peak: 609M

vm_info: Java HotSpot(TM) 64-Bit Server VM (22+36-2370) for windows-amd64 JRE (22+36-2370), built on 2024-02-15T22:15:19Z by "mach5one" with MS VC++ 17.6 (VS2022)

END.
